2025-10-26 15:00:17,775 [INFO] main: Chargement des points…
2025-10-26 15:00:17,780 [INFO] main: 756 points chargés depuis data/raw/points.csv
2025-10-26 15:00:17,780 [INFO] main: Grille : nx=80, ny=80, nz=50
2025-10-26 15:00:17,780 [INFO] main: Krigeage 3D (variogram='spherical')…
2025-10-26 15:00:48,660 [INFO] main: Volume sauvegardé : /Users/msc/Documents/WORK/2025-2026/GEOPS/georad3d/outputs/volumes/volume.npz
2025-10-26 15:00:48,664 [INFO] main: Cross-validation Leave-One-Out…
2025-10-26 15:06:04,837 [INFO] main: Chargement des points…
2025-10-26 15:06:04,839 [INFO] main: 756 points chargés depuis data/raw/points.csv
2025-10-26 15:06:04,840 [INFO] main: Grille : nx=80, ny=80, nz=50
2025-10-26 15:06:04,840 [INFO] main: Krigeage 3D (variogram='spherical')…
2025-10-26 15:06:29,248 [INFO] main: Volume sauvegardé : /Users/msc/Documents/WORK/2025-2026/GEOPS/georad3d/outputs/volumes/volume.npz
2025-10-26 15:06:29,253 [INFO] main: Cross-validation SKIPPED (à la demande).
2025-10-26 15:21:58,630 [INFO] main: Chargement des points…
2025-10-26 15:21:58,632 [INFO] main: 756 points chargés depuis data/raw/points.csv
2025-10-26 15:21:58,632 [INFO] main: Grille : nx=80, ny=80, nz=50
2025-10-26 15:21:58,632 [INFO] main: Krigeage 3D (variogram='spherical')…
2025-10-26 15:22:42,444 [INFO] main: Volume sauvegardé : /Users/msc/Documents/WORK/2025-2026/GEOPS/georad3d/outputs/volumes/volume.npz
2025-10-26 15:22:42,450 [INFO] main: Cross-validation SKIPPED (à la demande).
2025-10-26 15:45:09,652 [INFO] main: GIF écrit : outputs/figures/z_sweep.gif
2025-10-26 15:48:27,602 [INFO] main: GIF écrit : outputs/figures/z_sweep.gif
2025-10-26 20:16:56,059 [INFO] main: Chargement des points…
2025-10-26 20:16:56,067 [INFO] main: 756 points chargés depuis data/raw/points.csv
2025-10-26 20:16:56,067 [INFO] main: Grille : nx=60, ny=60, nz=40
2025-10-26 20:16:56,067 [INFO] main: Krigeage 3D (variogram='spherical')…
2025-10-26 20:17:07,600 [INFO] main: Application du masque sous-surface (dérivé des points)…
2025-10-26 20:19:58,907 [INFO] main: Chargement des points…
2025-10-26 20:19:58,914 [INFO] main: 756 points chargés depuis data/raw/points.csv
2025-10-26 20:19:58,914 [INFO] main: Grille : nx=60, ny=60, nz=40
2025-10-26 20:19:58,914 [INFO] main: Krigeage 3D (variogram='spherical')…
2025-10-26 20:20:16,272 [INFO] main: Application du masque sous-surface (dérivé des points)…
2025-10-26 20:20:16,344 [INFO] main: Masque appliqué — interpolation restreinte à l’intérieur.
2025-10-26 20:20:16,378 [INFO] main: Volume sauvegardé : /Users/msc/Documents/WORK/2025-2026/GEOPS/georad3d/outputs/volumes/volume.npz
2025-10-26 20:20:16,378 [INFO] main: Cross-validation SKIPPED (à la demande).
2025-10-26 20:23:04,929 [INFO] main: Chargement des points…
2025-10-26 20:23:04,931 [INFO] main: 756 points chargés depuis data/raw/points.csv
2025-10-26 20:23:04,931 [INFO] main: Grille : nx=60, ny=60, nz=40
2025-10-26 20:23:04,931 [INFO] main: Krigeage 3D (variogram='spherical')…
2025-10-26 20:23:15,702 [INFO] main: Application du masque sous-surface (dérivé des points)…
2025-10-26 20:23:15,730 [INFO] main: Masque appliqué (extrapolé + lissé).
2025-10-26 20:23:15,789 [INFO] main: Volume sauvegardé : /Users/msc/Documents/WORK/2025-2026/GEOPS/georad3d/outputs/volumes/volume.npz
2025-10-26 20:23:15,789 [INFO] main: Cross-validation SKIPPED (à la demande).
